#
# There is insufficient memory for the Java Runtime Environment to continue.
# Native memory allocation (mmap) failed to map 31457280 bytes for committing reserved memory.
# Possible reasons:
#   The system is out of physical RAM or swap space
#   In 32 bit mode, the process size limit was hit
# Possible solutions:
#   Reduce memory load on the system
#   Increase physical memory or swap space
#   Check if swap backing store is full
#   Use 64 bit Java on a 64 bit OS
#   Decrease Java heap size (-Xmx/-Xms)
#   Decrease number of Java threads
#   Decrease Java thread stack sizes (-Xss)
#   Set larger code cache with -XX:ReservedCodeCacheSize=
# This output file may be truncated or incomplete.
#
#  Out of Memory Error (os_linux.cpp:2673), pid=6364, tid=139926143956736
#
# JRE version: OpenJDK Runtime Environment (8.0_45-b14) (build 1.8.0_45-b14)
# Java VM: OpenJDK 64-Bit Server VM (25.45-b02 mixed mode linux-amd64 compressed oops)
# Failed to write core dump. Core dumps have been disabled. To enable core dumping, try "ulimit -c unlimited" before starting Java again
#

---------------  T H R E A D  ---------------

Current thread (0x00007f4328076800):  VMThread [stack: 0x00007f43180af000,0x00007f43181b0000] [id=6374]

Stack: [0x00007f43180af000,0x00007f43181b0000],  sp=0x00007f43181ae4d0,  free space=1021k
Native frames: (J=compiled Java code, j=interpreted, Vv=VM code, C=native code)
V  [libjvm.so+0xa8fdcd]
V  [libjvm.so+0x4e85bc]
V  [libjvm.so+0x8df300]
V  [libjvm.so+0x8d9ace]
V  [libjvm.so+0x95408b]
V  [libjvm.so+0x9553f3]
V  [libjvm.so+0x95207e]
V  [libjvm.so+0x95236c]
V  [libjvm.so+0x904c93]
V  [libjvm.so+0xa91842]
V  [libjvm.so+0xa96327]
V  [libjvm.so+0xa9462c]
V  [libjvm.so+0xa94e47]
V  [libjvm.so+0xa95381]
V  [libjvm.so+0x8dc802]

VM_Operation (0x00007f43303bff30): ParallelGCFailedAllocation, mode: safepoint, requested by thread 0x00007f4328009000


---------------  P R O C E S S  ---------------

Java Threads: ( => current thread )
  0x00007f43280c8800 JavaThread "Service Thread" daemon [_thread_blocked, id=6381, stack(0x00007f4305770000,0x00007f4305871000)]
  0x00007f43280bb000 JavaThread "C1 CompilerThread2" daemon [_thread_blocked, id=6380, stack(0x00007f4305871000,0x00007f4305972000)]
  0x00007f43280b9800 JavaThread "C2 CompilerThread1" daemon [_thread_blocked, id=6379, stack(0x00007f4305972000,0x00007f4305a73000)]
  0x00007f43280b6800 JavaThread "C2 CompilerThread0" daemon [_thread_blocked, id=6378, stack(0x00007f4305a73000,0x00007f4305b74000)]
  0x00007f43280b5000 JavaThread "Signal Dispatcher" daemon [_thread_blocked, id=6377, stack(0x00007f4305b74000,0x00007f4305c75000)]
  0x00007f432807d800 JavaThread "Finalizer" daemon [_thread_blocked, id=6376, stack(0x00007f4305dfe000,0x00007f4305eff000)]
  0x00007f432807b800 JavaThread "Reference Handler" daemon [_thread_blocked, id=6375, stack(0x00007f4305eff000,0x00007f4306000000)]
  0x00007f4328009000 JavaThread "main" [_thread_blocked, id=6369, stack(0x00007f43302c1000,0x00007f43303c2000)]

Other Threads:
=>0x00007f4328076800 VMThread [stack: 0x00007f43180af000,0x00007f43181b0000] [id=6374]
  0x00007f43280cb000 WatcherThread [stack: 0x00007f430566f000,0x00007f4305770000] [id=6382]

VM state:at safepoint (normal execution)

VM Mutex/Monitor currently owned by a thread:  ([mutex/lock_event])
[0x00007f43280068e0] Threads_lock - owner thread: 0x00007f4328076800
[0x00007f4328006de0] Heap_lock - owner thread: 0x00007f4328009000

Heap:
 PSYoungGen      total 33280K, used 2547K [0x00000000eab00000, 0x00000000ece00000, 0x0000000100000000)
  eden space 30720K, 0% used [0x00000000eab00000,0x00000000eab00000,0x00000000ec900000)
  from space 2560K, 99% used [0x00000000ec900000,0x00000000ecb7cf40,0x00000000ecb80000)
  to   space 2560K, 0% used [0x00000000ecb80000,0x00000000ecb80000,0x00000000ece00000)
 ParOldGen       total 40960K, used 11417K [0x00000000c0000000, 0x00000000c2800000, 0x00000000eab00000)
  object space 40960K, 27% used [0x00000000c0000000,0x00000000c0b265e0,0x00000000c2800000)
 Metaspace       used 7328K, capacity 7748K, committed 7936K, reserved 1056768K
  class space    used 725K, capacity 756K, committed 768K, reserved 1048576K

Card table byte_map: [0x00007f432d325000,0x00007f432d526000] byte_map_base: 0x00007f432cd25000

Marking Bits: (ParMarkBitMap*) 0x00007f432f5c4680
 Begin Bits: [0x00007f4306000000, 0x00007f4307000000)
 End Bits:   [0x00007f4307000000, 0x00007f4308000000)

Polling page: 0x00007f43303f8000

CodeCache: size=245760Kb used=5704Kb max_used=5714Kb free=240055Kb
 bounds [0x00007f4319000000, 0x00007f43195a0000, 0x00007f4328000000]
 total_blobs=2114 nmethods=1821 adapters=208
 compilation: enabled

Compilation events (10 events):
Event: 4,749 Thread 0x00007f43280bb000 1848       2       com.android.dx.io.instructions.FourRegisterDecodedInstruction::withIndex (45 bytes)
Event: 4,749 Thread 0x00007f43280bb000 nmethod 1848 0x00007f4319592b10 code [0x00007f4319592c80, 0x00007f4319592ec8]
Event: 4,753 Thread 0x00007f43280bb000 1849       2       com.android.dx.io.instructions.InstructionCodec$23::decode (87 bytes)
Event: 4,755 Thread 0x00007f43280bb000 nmethod 1849 0x00007f4319592f90 code [0x00007f4319593160, 0x00007f4319593758]
Event: 4,755 Thread 0x00007f43280bb000 1850       2       com.android.dx.io.instructions.InstructionCodec$23::encode (37 bytes)
Event: 4,755 Thread 0x00007f43280bb000 nmethod 1850 0x00007f4319593f50 code [0x00007f43195940e0, 0x00007f4319594398]
Event: 4,979 Thread 0x00007f43280b6800 nmethod 1770 0x00007f4319597c50 code [0x00007f4319597e40, 0x00007f43195987c8]
Event: 5,066 Thread 0x00007f43280b6800 1810       4       com.android.dx.io.CodeReader::visitAll (37 bytes)
Event: 5,066 Thread 0x00007f43280bb000 1851       2       sun.security.provider.DigestBase::engineUpdate (189 bytes)
Event: 5,238 Thread 0x00007f43280bb000 nmethod 1851 0x00007f43195971d0 code [0x00007f43195973a0, 0x00007f43195979b8]

GC Heap History (5 events):
Event: 2,445 GC heap before
{Heap before GC invocations=1 (full 0):
 PSYoungGen      total 17920K, used 15360K [0x00000000eab00000, 0x00000000ebf00000, 0x0000000100000000)
  eden space 15360K, 100% used [0x00000000eab00000,0x00000000eba00000,0x00000000eba00000)
  from space 2560K, 0% used [0x00000000ebc80000,0x00000000ebc80000,0x00000000ebf00000)
  to   space 2560K, 0% used [0x00000000eba00000,0x00000000eba00000,0x00000000ebc80000)
 ParOldGen       total 40960K, used 0K [0x00000000c0000000, 0x00000000c2800000, 0x00000000eab00000)
  object space 40960K, 0% used [0x00000000c0000000,0x00000000c0000000,0x00000000c2800000)
 Metaspace       used 5379K, capacity 6768K, committed 7040K, reserved 1056768K
  class space    used 530K, capacity 616K, committed 640K, reserved 1048576K
Event: 2,539 GC heap after
Heap after GC invocations=1 (full 0):
 PSYoungGen      total 17920K, used 2544K [0x00000000eab00000, 0x00000000ece00000, 0x0000000100000000)
  eden space 15360K, 0% used [0x00000000eab00000,0x00000000eab00000,0x00000000eba00000)
  from space 2560K, 99% used [0x00000000eba00000,0x00000000ebc7c028,0x00000000ebc80000)
  to   space 2560K, 0% used [0x00000000ecb80000,0x00000000ecb80000,0x00000000ece00000)
 ParOldGen       total 40960K, used 1752K [0x00000000c0000000, 0x00000000c2800000, 0x00000000eab00000)
  object space 40960K, 4% used [0x00000000c0000000,0x00000000c01b6160,0x00000000c2800000)
 Metaspace       used 5379K, capacity 6768K, committed 7040K, reserved 1056768K
  class space    used 530K, capacity 616K, committed 640K, reserved 1048576K
}
Event: 4,213 GC heap before
{Heap before GC invocations=2 (full 0):
 PSYoungGen      total 17920K, used 17592K [0x00000000eab00000, 0x00000000ece00000, 0x0000000100000000)
  eden space 15360K, 97% used [0x00000000eab00000,0x00000000eb9b22b8,0x00000000eba00000)
  from space 2560K, 99% used [0x00000000eba00000,0x00000000ebc7c028,0x00000000ebc80000)
  to   space 2560K, 0% used [0x00000000ecb80000,0x00000000ecb80000,0x00000000ece00000)
 ParOldGen       total 40960K, used 1752K [0x00000000c0000000, 0x00000000c2800000, 0x00000000eab00000)
  object space 40960K, 4% used [0x00000000c0000000,0x00000000c01b6160,0x00000000c2800000)
 Metaspace       used 7248K, capacity 7684K, committed 7936K, reserved 1056768K
  class space    used 725K, capacity 756K, committed 768K, reserved 1048576K
Event: 4,262 GC heap after
Heap after GC invocations=2 (full 0):
 PSYoungGen      total 33280K, used 2531K [0x00000000eab00000, 0x00000000ece00000, 0x0000000100000000)
  eden space 30720K, 0% used [0x00000000eab00000,0x00000000eab00000,0x00000000ec900000)
  from space 2560K, 98% used [0x00000000ecb80000,0x00000000ecdf8f50,0x00000000ece00000)
  to   space 2560K, 0% used [0x00000000ec900000,0x00000000ec900000,0x00000000ecb80000)
 ParOldGen       total 40960K, used 5074K [0x00000000c0000000, 0x00000000c2800000, 0x00000000eab00000)
  object space 40960K, 12% used [0x00000000c0000000,0x00000000c04f4a48,0x00000000c2800000)
 Metaspace       used 7248K, capacity 7684K, committed 7936K, reserved 1056768K
  class space    used 725K, capacity 756K, committed 768K, reserved 1048576K
}
Event: 5,244 GC heap before
{Heap before GC invocations=3 (full 0):
 PSYoungGen      total 33280K, used 33251K [0x00000000eab00000, 0x00000000ece00000, 0x0000000100000000)
  eden space 30720K, 100% used [0x00000000eab00000,0x00000000ec900000,0x00000000ec900000)
  from space 2560K, 98% used [0x00000000ecb80000,0x00000000ecdf8f50,0x00000000ece00000)
  to   space 2560K, 0% used [0x00000000ec900000,0x00000000ec900000,0x00000000ecb80000)
 ParOldGen       total 40960K, used 5074K [0x00000000c0000000, 0x00000000c2800000, 0x00000000eab00000)
  object space 40960K, 12% used [0x00000000c0000000,0x00000000c04f4a48,0x00000000c2800000)
 Metaspace       used 7328K, capacity 7748K, committed 7936K, reserved 1056768K
  class space    used 725K, capacity 756K, committed 768K, reserved 1048576K

Deoptimization events (10 events):
Event: 3,344 Thread 0x00007f4328009000 Uncommon trap: reason=class_check action=maybe_recompile pc=0x00007f43193f9ed4 method=java.util.HashMap.putVal(ILjava/lang/Object;Ljava/lang/Object;ZZ)Ljava/lang/Object; @ 56
Event: 3,344 Thread 0x00007f4328009000 Uncommon trap: reason=class_check action=maybe_recompile pc=0x00007f43193f9ed4 method=java.util.HashMap.putVal(ILjava/lang/Object;Ljava/lang/Object;ZZ)Ljava/lang/Object; @ 56
Event: 3,344 Thread 0x00007f4328009000 Uncommon trap: reason=class_check action=maybe_recompile pc=0x00007f43193f9ed4 method=java.util.HashMap.putVal(ILjava/lang/Object;Ljava/lang/Object;ZZ)Ljava/lang/Object; @ 56
Event: 3,344 Thread 0x00007f4328009000 Uncommon trap: reason=class_check action=maybe_recompile pc=0x00007f43193f9f5c method=java.util.HashMap.putVal(ILjava/lang/Object;Ljava/lang/Object;ZZ)Ljava/lang/Object; @ 152
Event: 3,344 Thread 0x00007f4328009000 Uncommon trap: reason=class_check action=maybe_recompile pc=0x00007f43193f9f5c method=java.util.HashMap.putVal(ILjava/lang/Object;Ljava/lang/Object;ZZ)Ljava/lang/Object; @ 152
Event: 3,689 Thread 0x00007f4328009000 Uncommon trap: reason=unstable_if action=reinterpret pc=0x00007f4319463350 method=java.util.HashMap.putVal(ILjava/lang/Object;Ljava/lang/Object;ZZ)Ljava/lang/Object; @ 162
Event: 3,724 Thread 0x00007f4328009000 Uncommon trap: reason=unstable_if action=reinterpret pc=0x00007f43193f17ec method=java.util.HashMap.getNode(ILjava/lang/Object;)Ljava/util/HashMap$Node; @ 84
Event: 3,773 Thread 0x00007f4328009000 Uncommon trap: reason=unstable_if action=reinterpret pc=0x00007f4319457544 method=java.util.HashMap.getNode(ILjava/lang/Object;)Ljava/util/HashMap$Node; @ 84
Event: 4,150 Thread 0x00007f4328009000 Uncommon trap: reason=predicate action=maybe_recompile pc=0x00007f43194e25d8 method=com.android.dex.Leb128.readUnsignedLeb128(Lcom/android/dex/util/ByteInput;)I @ 41
Event: 4,166 Thread 0x00007f4328009000 Uncommon trap: reason=unstable_if action=reinterpret pc=0x00007f43194e8554 method=com.android.dx.merge.IndexMap.adjustString(I)I @ 2

Internal exceptions (8 events):
Event: 0,154 Thread 0x00007f4328009000 Exception <a 'java/lang/NoSuchMethodError': Method sun.misc.Unsafe.defineClass(Ljava/lang/String;[BII)Ljava/lang/Class; name or signature does not match> (0x00000000eab128f0) thrown at [/build/java8-openjdk/src/jdk8u-jdk8u45-b14/hotspot/src/share/vm/prims
Event: 0,155 Thread 0x00007f4328009000 Exception <a 'java/lang/NoSuchMethodError': Method sun.misc.Unsafe.prefetchRead(Ljava/lang/Object;J)V name or signature does not match> (0x00000000eab12b80) thrown at [/build/java8-openjdk/src/jdk8u-jdk8u45-b14/hotspot/src/share/vm/prims/jni.cpp, line 399
Event: 3,916 Thread 0x00007f4328009000 Exception <a 'java/security/PrivilegedActionException'> (0x00000000eb7115f0) thrown at [/build/java8-openjdk/src/jdk8u-jdk8u45-b14/hotspot/src/share/vm/prims/jvm.cpp, line 1382]
Event: 3,921 Thread 0x00007f4328009000 Exception <a 'java/security/PrivilegedActionException'> (0x00000000eb711938) thrown at [/build/java8-openjdk/src/jdk8u-jdk8u45-b14/hotspot/src/share/vm/prims/jvm.cpp, line 1382]
Event: 3,923 Thread 0x00007f4328009000 Exception <a 'java/security/PrivilegedActionException'> (0x00000000eb713a28) thrown at [/build/java8-openjdk/src/jdk8u-jdk8u45-b14/hotspot/src/share/vm/prims/jvm.cpp, line 1382]
Event: 3,923 Thread 0x00007f4328009000 Exception <a 'java/security/PrivilegedActionException'> (0x00000000eb713d70) thrown at [/build/java8-openjdk/src/jdk8u-jdk8u45-b14/hotspot/src/share/vm/prims/jvm.cpp, line 1382]
Event: 3,923 Thread 0x00007f4328009000 Exception <a 'java/security/PrivilegedActionException'> (0x00000000eb714a38) thrown at [/build/java8-openjdk/src/jdk8u-jdk8u45-b14/hotspot/src/share/vm/prims/jvm.cpp, line 1382]
Event: 3,923 Thread 0x00007f4328009000 Exception <a 'java/security/PrivilegedActionException'> (0x00000000eb714d80) thrown at [/build/java8-openjdk/src/jdk8u-jdk8u45-b14/hotspot/src/share/vm/prims/jvm.cpp, line 1382]

Events (10 events):
Event: 5,024 Thread 0x00007f4328009000 DEOPT UNPACKING pc=0x00007f4319047373 sp=0x00007f43303c0120 mode 0
Event: 5,024 Thread 0x00007f4328009000 DEOPT PACKING pc=0x00007f43194586d5 sp=0x00007f43303c0400
Event: 5,024 Thread 0x00007f4328009000 DEOPT UNPACKING pc=0x00007f4319047373 sp=0x00007f43303c0120 mode 0
Event: 5,024 Thread 0x00007f4328009000 DEOPT PACKING pc=0x00007f43194586d5 sp=0x00007f43303c0400
Event: 5,024 Thread 0x00007f4328009000 DEOPT UNPACKING pc=0x00007f4319047373 sp=0x00007f43303c0120 mode 0
Event: 5,024 Thread 0x00007f4328009000 DEOPT PACKING pc=0x00007f43194586d5 sp=0x00007f43303c0400
Event: 5,024 Thread 0x00007f4328009000 DEOPT UNPACKING pc=0x00007f4319047373 sp=0x00007f43303c0120 mode 0
Event: 5,025 Thread 0x00007f4328009000 DEOPT PACKING pc=0x00007f43194586d5 sp=0x00007f43303c0400
Event: 5,025 Thread 0x00007f4328009000 DEOPT UNPACKING pc=0x00007f4319047373 sp=0x00007f43303c0120 mode 0
Event: 5,241 Executing VM operation: ParallelGCFailedAllocation


Dynamic libraries:
00400000-00401000 r-xp 00000000 08:06 579910                             /usr/lib/jvm/java-8-openjdk/jre/bin/java
00600000-00601000 rw-p 00000000 08:06 579910                             /usr/lib/jvm/java-8-openjdk/jre/bin/java
006bc000-006dd000 rw-p 00000000 00:00 0                                  [heap]
c0000000-c2800000 rw-p 00000000 00:00 0 
c2800000-eab00000 ---p 00000000 00:00 0 
eab00000-ece00000 rw-p 00000000 00:00 0 
eec00000-100000000 ---p 00000000 00:00 0 
100000000-1000c0000 rw-p 00000000 00:00 0 
1000c0000-140000000 ---p 00000000 00:00 0 
7f42e0000000-7f42e0021000 rw-p 00000000 00:00 0 
7f42e0021000-7f42e4000000 ---p 00000000 00:00 0 
7f42e4000000-7f42e4021000 rw-p 00000000 00:00 0 
7f42e4021000-7f42e8000000 ---p 00000000 00:00 0 
7f42e8000000-7f42e8413000 rw-p 00000000 00:00 0 
7f42e8413000-7f42ec000000 ---p 00000000 00:00 0 
7f42ec000000-7f42ec614000 rw-p 00000000 00:00 0 
7f42ec614000-7f42f0000000 ---p 00000000 00:00 0 
7f42f0000000-7f42f0021000 rw-p 00000000 00:00 0 
7f42f0021000-7f42f4000000 ---p 00000000 00:00 0 
7f42f4000000-7f42f436d000 rw-p 00000000 00:00 0 
7f42f436d000-7f42f8000000 ---p 00000000 00:00 0 
7f42f8000000-7f42f8021000 rw-p 00000000 00:00 0 
7f42f8021000-7f42fc000000 ---p 00000000 00:00 0 
7f42fc000000-7f42fc021000 rw-p 00000000 00:00 0 
7f42fc021000-7f4300000000 ---p 00000000 00:00 0 
7f4300000000-7f4300030000 rw-p 00000000 00:00 0 
7f4300030000-7f4304000000 ---p 00000000 00:00 0 
7f430566f000-7f4305670000 ---p 00000000 00:00 0 
7f4305670000-7f4305770000 rw-p 00000000 00:00 0                          [stack:6382]
7f4305770000-7f4305773000 ---p 00000000 00:00 0 
7f4305773000-7f4305871000 rw-p 00000000 00:00 0                          [stack:6381]
7f4305871000-7f4305874000 ---p 00000000 00:00 0 
7f4305874000-7f4305972000 rw-p 00000000 00:00 0                          [stack:6380]
7f4305972000-7f4305975000 ---p 00000000 00:00 0 
7f4305975000-7f4305a73000 rw-p 00000000 00:00 0                          [stack:6379]
7f4305a73000-7f4305a76000 ---p 00000000 00:00 0 
7f4305a76000-7f4305b74000 rw-p 00000000 00:00 0                          [stack:6378]
7f4305b74000-7f4305b77000 ---p 00000000 00:00 0 
7f4305b77000-7f4305c75000 rw-p 00000000 00:00 0                          [stack:6377]
7f4305c75000-7f4305dfe000 r--p 00000000 08:06 650747                     /usr/lib/locale/locale-archive
7f4305dfe000-7f4305e01000 ---p 00000000 00:00 0 
7f4305e01000-7f4305eff000 rw-p 00000000 00:00 0                          [stack:6376]
7f4305eff000-7f4305f02000 ---p 00000000 00:00 0 
7f4305f02000-7f4308000000 rw-p 00000000 00:00 0                          [stack:6375]
7f4308000000-7f4308021000 rw-p 00000000 00:00 0 
7f4308021000-7f430c000000 ---p 00000000 00:00 0 
7f430c000000-7f430c021000 rw-p 00000000 00:00 0 
7f430c021000-7f4310000000 ---p 00000000 00:00 0 
7f4310000000-7f4310021000 rw-p 00000000 00:00 0 
7f4310021000-7f4314000000 ---p 00000000 00:00 0 
7f4314000000-7f4314021000 rw-p 00000000 00:00 0 
7f4314021000-7f4318000000 ---p 00000000 00:00 0 
7f431806d000-7f4318093000 r--p 00000000 08:06 527365                     /usr/share/locale/es/LC_MESSAGES/libc.mo
7f4318093000-7f43180af000 r--s 00393000 08:06 579838                     /usr/lib/jvm/java-8-openjdk/jre/lib/ext/cldrdata.jar
7f43180af000-7f43180b0000 ---p 00000000 00:00 0 
7f43180b0000-7f4319000000 rw-p 00000000 00:00 0                          [stack:6374]
7f4319000000-7f43195a0000 rwxp 00000000 00:00 0 
7f43195a0000-7f4328000000 ---p 00000000 00:00 0 
7f4328000000-7f4328220000 rw-p 00000000 00:00 0 
7f4328220000-7f432c000000 ---p 00000000 00:00 0 
7f432c00e000-7f432c019000 r--s 00116000 08:06 579837                     /usr/lib/jvm/java-8-openjdk/jre/lib/ext/localedata.jar
7f432c019000-7f432c188000 rw-p 00000000 00:00 0 
7f432c188000-7f432c355000 r--s 03bd3000 08:06 579817                     /usr/lib/jvm/java-8-openjdk/jre/lib/rt.jar
7f432c355000-7f432cacb000 rw-p 00000000 00:00 0 
7f432cacb000-7f432cbcb000 ---p 00000000 00:00 0 
7f432cbcb000-7f432cdcb000 rw-p 00000000 00:00 0 
7f432cdcb000-7f432cdcc000 ---p 00000000 00:00 0 
7f432cdcc000-7f432cecc000 rw-p 00000000 00:00 0                          [stack:6373]
7f432cecc000-7f432cecd000 ---p 00000000 00:00 0 
7f432cecd000-7f432cfcd000 rw-p 00000000 00:00 0                          [stack:6372]
7f432cfcd000-7f432cfce000 ---p 00000000 00:00 0 
7f432cfce000-7f432d0ce000 rw-p 00000000 00:00 0                          [stack:6371]
7f432d0ce000-7f432d0cf000 ---p 00000000 00:00 0 
7f432d0cf000-7f432d1e3000 rw-p 00000000 00:00 0                          [stack:6370]
7f432d1e3000-7f432d325000 ---p 00000000 00:00 0 
7f432d325000-7f432d339000 rw-p 00000000 00:00 0 
7f432d339000-7f432d47a000 ---p 00000000 00:00 0 
7f432d47a000-7f432d48c000 rw-p 00000000 00:00 0 
7f432d48c000-7f432d525000 ---p 00000000 00:00 0 
7f432d525000-7f432d53d000 rw-p 00000000 00:00 0 
7f432d53d000-7f432d8e6000 ---p 00000000 00:00 0 
7f432d8e6000-7f432d8ee000 r-xp 00000000 08:06 579877                     /usr/lib/jvm/java-8-openjdk/jre/lib/amd64/libzip.so
7f432d8ee000-7f432daed000 ---p 00008000 08:06 579877                     /usr/lib/jvm/java-8-openjdk/jre/lib/amd64/libzip.so
7f432daed000-7f432daee000 rw-p 00007000 08:06 579877                     /usr/lib/jvm/java-8-openjdk/jre/lib/amd64/libzip.so
7f432daee000-7f432daf9000 r-xp 00000000 08:06 527484                     /usr/lib/libnss_files-2.21.so
7f432daf9000-7f432dcf9000 ---p 0000b000 08:06 527484                     /usr/lib/libnss_files-2.21.so
7f432dcf9000-7f432dcfa000 r--p 0000b000 08:06 527484                     /usr/lib/libnss_files-2.21.so
7f432dcfa000-7f432dcfb000 rw-p 0000c000 08:06 527484                     /usr/lib/libnss_files-2.21.so
7f432dcfb000-7f432dd28000 r-xp 00000000 08:06 579878                     /usr/lib/jvm/java-8-openjdk/jre/lib/amd64/libjava.so
7f432dd28000-7f432df28000 ---p 0002d000 08:06 579878                     /usr/lib/jvm/java-8-openjdk/jre/lib/amd64/libjava.so
7f432df28000-7f432df2a000 rw-p 0002d000 08:06 579878                     /usr/lib/jvm/java-8-openjdk/jre/lib/amd64/libjava.so
7f432df2a000-7f432df37000 r-xp 00000000 08:06 579869                     /usr/lib/jvm/java-8-openjdk/jre/lib/amd64/libverify.so
7f432df37000-7f432e136000 ---p 0000d000 08:06 579869                     /usr/lib/jvm/java-8-openjdk/jre/lib/amd64/libverify.so
7f432e136000-7f432e138000 rw-p 0000c000 08:06 579869                     /usr/lib/jvm/java-8-openjdk/jre/lib/amd64/libverify.so
7f432e138000-7f432e13f000 r-xp 00000000 08:06 527542                     /usr/lib/librt-2.21.so
7f432e13f000-7f432e33e000 ---p 00007000 08:06 527542                     /usr/lib/librt-2.21.so
7f432e33e000-7f432e33f000 r--p 00006000 08:06 527542                     /usr/lib/librt-2.21.so
7f432e33f000-7f432e340000 rw-p 00007000 08:06 527542                     /usr/lib/librt-2.21.so
7f432e340000-7f432e443000 r-xp 00000000 08:06 527582                     /usr/lib/libm-2.21.so
7f432e443000-7f432e642000 ---p 00103000 08:06 527582                     /usr/lib/libm-2.21.so
7f432e642000-7f432e643000 r--p 00102000 08:06 527582                     /usr/lib/libm-2.21.so
7f432e643000-7f432e644000 rw-p 00103000 08:06 527582                     /usr/lib/libm-2.21.so
7f432e644000-7f432f2e5000 r-xp 00000000 08:06 579901                     /usr/lib/jvm/java-8-openjdk/jre/lib/amd64/server/libjvm.so
7f432f2e5000-7f432f4e4000 ---p 00ca1000 08:06 579901                     /usr/lib/jvm/java-8-openjdk/jre/lib/amd64/server/libjvm.so
7f432f4e4000-7f432f5b0000 rw-p 00ca0000 08:06 579901                     /usr/lib/jvm/java-8-openjdk/jre/lib/amd64/server/libjvm.so
7f432f5b0000-7f432f5f2000 rw-p 00000000 00:00 0 
7f432f5f2000-7f432f78b000 r-xp 00000000 08:06 527509                     /usr/lib/libc-2.21.so
7f432f78b000-7f432f98a000 ---p 00199000 08:06 527509                     /usr/lib/libc-2.21.so
7f432f98a000-7f432f98e000 r--p 00198000 08:06 527509                     /usr/lib/libc-2.21.so
7f432f98e000-7f432f990000 rw-p 0019c000 08:06 527509                     /usr/lib/libc-2.21.so
7f432f990000-7f432f994000 rw-p 00000000 00:00 0 
7f432f994000-7f432f997000 r-xp 00000000 08:06 527559                     /usr/lib/libdl-2.21.so
7f432f997000-7f432fb96000 ---p 00003000 08:06 527559                     /usr/lib/libdl-2.21.so
7f432fb96000-7f432fb97000 r--p 00002000 08:06 527559                     /usr/lib/libdl-2.21.so
7f432fb97000-7f432fb98000 rw-p 00003000 08:06 527559                     /usr/lib/libdl-2.21.so
7f432fb98000-7f432fba5000 r-xp 00000000 08:06 579898                     /usr/lib/jvm/java-8-openjdk/jre/lib/amd64/jli/libjli.so
7f432fba5000-7f432fda5000 ---p 0000d000 08:06 579898                     /usr/lib/jvm/java-8-openjdk/jre/lib/amd64/jli/libjli.so
7f432fda5000-7f432fda6000 rw-p 0000d000 08:06 579898                     /usr/lib/jvm/java-8-openjdk/jre/lib/amd64/jli/libjli.so
7f432fda6000-7f432fdbb000 r-xp 00000000 08:06 530527                     /usr/lib/libz.so.1.2.8
7f432fdbb000-7f432ffba000 ---p 00015000 08:06 530527                     /usr/lib/libz.so.1.2.8
7f432ffba000-7f432ffbb000 r--p 00014000 08:06 530527                     /usr/lib/libz.so.1.2.8
7f432ffbb000-7f432ffbc000 rw-p 00015000 08:06 530527                     /usr/lib/libz.so.1.2.8
7f432ffbc000-7f432ffd4000 r-xp 00000000 08:06 527541                     /usr/lib/libpthread-2.21.so
7f432ffd4000-7f43301d3000 ---p 00018000 08:06 527541                     /usr/lib/libpthread-2.21.so
7f43301d3000-7f43301d4000 r--p 00017000 08:06 527541                     /usr/lib/libpthread-2.21.so
7f43301d4000-7f43301d5000 rw-p 00018000 08:06 527541                     /usr/lib/libpthread-2.21.so
7f43301d5000-7f43301d9000 rw-p 00000000 00:00 0 
7f43301d9000-7f43301fb000 r-xp 00000000 08:06 527578                     /usr/lib/ld-2.21.so
7f43301fc000-7f43302c1000 rw-p 00000000 00:00 0 
7f43302c1000-7f43302c4000 ---p 00000000 00:00 0 
7f43302c4000-7f43303c7000 rw-p 00000000 00:00 0                          [stack:6369]
7f43303c7000-7f43303cc000 r--s 00094000 08:06 579820                     /usr/lib/jvm/java-8-openjdk/jre/lib/jsse.jar
7f43303cc000-7f43303db000 r--s 000dd000 08:06 281282                     /opt/android-sdk/build-tools/21.1.2/lib/dx.jar
7f43303db000-7f43303ef000 rw-p 00000000 00:00 0 
7f43303ef000-7f43303f7000 rw-s 00000000 00:1f 129478                     /tmp/hsperfdata_jesusignacio/6364
7f43303f7000-7f43303f8000 rw-p 00000000 00:00 0 
7f43303f8000-7f43303f9000 ---p 00000000 00:00 0 
7f43303f9000-7f43303fa000 rw-p 00000000 00:00 0 
7f43303fa000-7f43303fb000 r--p 00021000 08:06 527578                     /usr/lib/ld-2.21.so
7f43303fb000-7f43303fc000 rw-p 00022000 08:06 527578                     /usr/lib/ld-2.21.so
7f43303fc000-7f43303fd000 rw-p 00000000 00:00 0 
7ffc11814000-7ffc11835000 rw-p 00000000 00:00 0                          [stack]
7ffc119f5000-7ffc119f7000 r--p 00000000 00:00 0                          [vvar]
7ffc119f7000-7ffc119f9000 r-xp 00000000 00:00 0                          [vdso]
ffffffffff600000-ffffffffff601000 r-xp 00000000 00:00 0                  [vsyscall]

VM Arguments:
jvm_args: -Xmx1024M -Dfile.encoding=UTF-8 -Duser.country=ES -Duser.language=es -Duser.variant 
java_command: com.android.dx.command.Main --dex --output /home/jesusignacio/AndroidStudioProjects/Parser/app/build/intermediates/dex/release /home/jesusignacio/AndroidStudioProjects/Parser/app/build/intermediates/classes/release /home/jesusignacio/AndroidStudioProjects/Parser/app/build/intermediates/pre-dexed/release/support-annotations-22.2.0-8a6fb6497f38678b44fa8d3ad996aafd0332c129.jar /home/jesusignacio/AndroidStudioProjects/Parser/app/build/intermediates/pre-dexed/release/classes-0ec98fd447db3061007d245086c78ffd9010fbf5.jar /home/jesusignacio/AndroidStudioProjects/Parser/app/build/intermediates/pre-dexed/release/internal_impl-22.2.0-629a34d409408f829c40701891c85f474164c641.jar /home/jesusignacio/AndroidStudioProjects/Parser/app/build/intermediates/pre-dexed/release/classes-25a8f4fa6a0cbbbdd01e472c62070758f438f30e.jar /home/jesusignacio/AndroidStudioProjects/Parser/app/build/intermediates/pre-dexed/release/classes-a0b770e557b1c620fb6516e5878463267dde68ca.jar
java_class_path (initial): /opt/android-sdk/build-tools/21.1.2/lib/dx.jar
Launcher Type: SUN_STANDARD

Environment Variables:
PATH=/usr/local/sbin:/usr/local/bin:/usr/bin:/opt/android-sdk/platform-tools:/opt/android-sdk/tools:/usr/lib/jvm/default/bin:/usr/bin/site_perl:/usr/bin/vendor_perl:/usr/bin/core_perl
USERNAME=jesusignacio
LD_LIBRARY_PATH=/opt/android-studio/bin:
SHELL=/bin/bash
DISPLAY=:0

Signal Handlers:
SIGSEGV: [libjvm.so+0xa90890], sa_mask[0]=11111111011111111101111111111110, sa_flags=SA_RESTART|SA_SIGINFO
SIGBUS: [libjvm.so+0xa90890], sa_mask[0]=11111111011111111101111111111110, sa_flags=SA_RESTART|SA_SIGINFO
SIGFPE: [libjvm.so+0x8dac20], sa_mask[0]=11111111011111111101111111111110, sa_flags=SA_RESTART|SA_SIGINFO
SIGPIPE: [libjvm.so+0x8dac20], sa_mask[0]=11111111011111111101111111111110, sa_flags=SA_RESTART|SA_SIGINFO
SIGXFSZ: [libjvm.so+0x8dac20], sa_mask[0]=11111111011111111101111111111110, sa_flags=SA_RESTART|SA_SIGINFO
SIGILL: [libjvm.so+0x8dac20], sa_mask[0]=11111111011111111101111111111110, sa_flags=SA_RESTART|SA_SIGINFO
SIGUSR1: SIG_DFL, sa_mask[0]=00000000000000000000000000000000, sa_flags=none
SIGUSR2: [libjvm.so+0x8daad0], sa_mask[0]=00100000000000000000000000000000, sa_flags=SA_RESTART|SA_SIGINFO
SIGHUP: [libjvm.so+0x8dacf0], sa_mask[0]=11111111011111111101111111111110, sa_flags=SA_RESTART|SA_SIGINFO
SIGINT: [libjvm.so+0x8dacf0], sa_mask[0]=11111111011111111101111111111110, sa_flags=SA_RESTART|SA_SIGINFO
SIGTERM: [libjvm.so+0x8dacf0], sa_mask[0]=11111111011111111101111111111110, sa_flags=SA_RESTART|SA_SIGINFO
SIGQUIT: [libjvm.so+0x8dacf0], sa_mask[0]=11111111011111111101111111111110, sa_flags=SA_RESTART|SA_SIGINFO


---------------  S Y S T E M  ---------------

OS:NAME="Arch Linux"
ID=arch
PRETTY_NAME="Arch Linux"
ANSI_COLOR="0;36"
HOME_URL="https://www.archlinux.org/"
SUPPORT_URL="https://bbs.archlinux.org/"
BUG_REPORT_URL="https://bugs.archlinux.org/"


uname:Linux 4.0.5-1-ARCH #1 SMP PREEMPT Sat Jun 6 18:37:49 CEST 2015 x86_64
libc:glibc 2.21 NPTL 2.21 
rlimit: STACK 8192k, CORE 0k, NPROC 15251, NOFILE 4096, AS infinity
load average:2,21 1,12 0,75

/proc/meminfo:
MemTotal:        3909756 kB
MemFree:          109916 kB
MemAvailable:      45348 kB
Buffers:             540 kB
Cached:           233664 kB
SwapCached:            0 kB
Active:          3442700 kB
Inactive:         212316 kB
Active(anon):    3435952 kB
Inactive(anon):   205868 kB
Active(file):       6748 kB
Inactive(file):     6448 kB
Unevictable:          16 kB
Mlocked:              16 kB
SwapTotal:             0 kB
SwapFree:              0 kB
Dirty:                 0 kB
Writeback:             0 kB
AnonPages:       3422368 kB
Mapped:            40416 kB
Shmem:            219468 kB
Slab:              54232 kB
SReclaimable:      26588 kB
SUnreclaim:        27644 kB
KernelStack:        8576 kB
PageTables:        31724 kB
NFS_Unstable:          0 kB
Bounce:                0 kB
WritebackTmp:          0 kB
CommitLimit:     1954876 kB
Committed_AS:    6434432 kB
VmallocTotal:   34359738367 kB
VmallocUsed:      359172 kB
VmallocChunk:   34359294164 kB
HardwareCorrupted:     0 kB
AnonHugePages:    942080 kB
HugePages_Total:       0
HugePages_Free:        0
HugePages_Rsvd:        0
HugePages_Surp:        0
Hugepagesize:       2048 kB
DirectMap4k:       83544 kB
DirectMap2M:     3969024 kB


CPU:total 4 (2 cores per cpu, 2 threads per core) family 6 model 58 stepping 9, cmov, cx8, fxsr, mmx, sse, sse2, sse3, ssse3, sse4.1, sse4.2, popcnt, avx, aes, clmul, erms, ht, tsc, tscinvbit, tscinv

/proc/cpuinfo:
processor	: 0
vendor_id	: GenuineIntel
cpu family	: 6
model		: 58
model name	: Intel(R) Core(TM) i5-3317U CPU @ 1.70GHz
stepping	: 9
microcode	: 0x10
cpu MHz		: 2399.988
cache size	: 3072 KB
physical id	: 0
siblings	: 4
core id		: 0
cpu cores	: 2
apicid		: 0
initial apicid	: 0
fpu		: yes
fpu_exception	: yes
cpuid level	: 13
wp		: yes
flags		: fpu vme de pse tsc msr pae mce cx8 apic sep mtrr pge mca cmov pat pse36 clflush dts acpi mmx fxsr sse sse2 ss ht tm pbe syscall nx rdtscp lm constant_tsc arch_perfmon pebs bts rep_good nopl xtopology nonstop_tsc aperfmperf eagerfpu pni pclmulqdq dtes64 monitor ds_cpl vmx est tm2 ssse3 cx16 xtpr pdcm pcid sse4_1 sse4_2 x2apic popcnt tsc_deadline_timer aes xsave avx f16c rdrand lahf_lm ida arat epb pln pts dtherm tpr_shadow vnmi flexpriority ept vpid fsgsbase smep erms xsaveopt
bugs		:
bogomips	: 3393.26
clflush size	: 64
cache_alignment	: 64
address sizes	: 36 bits physical, 48 bits virtual
power management:

processor	: 1
vendor_id	: GenuineIntel
cpu family	: 6
model		: 58
model name	: Intel(R) Core(TM) i5-3317U CPU @ 1.70GHz
stepping	: 9
microcode	: 0x10
cpu MHz		: 1965.425
cache size	: 3072 KB
physical id	: 0
siblings	: 4
core id		: 0
cpu cores	: 2
apicid		: 1
initial apicid	: 1
fpu		: yes
fpu_exception	: yes
cpuid level	: 13
wp		: yes
flags		: fpu vme de pse tsc msr pae mce cx8 apic sep mtrr pge mca cmov pat pse36 clflush dts acpi mmx fxsr sse sse2 ss ht tm pbe syscall nx rdtscp lm constant_tsc arch_perfmon pebs bts rep_good nopl xtopology nonstop_tsc aperfmperf eagerfpu pni pclmulqdq dtes64 monitor ds_cpl vmx est tm2 ssse3 cx16 xtpr pdcm pcid sse4_1 sse4_2 x2apic popcnt tsc_deadline_timer aes xsave avx f16c rdrand lahf_lm ida arat epb pln pts dtherm tpr_shadow vnmi flexpriority ept vpid fsgsbase smep erms xsaveopt
bugs		:
bogomips	: 3393.26
clflush size	: 64
cache_alignment	: 64
address sizes	: 36 bits physical, 48 bits virtual
power management:

processor	: 2
vendor_id	: GenuineIntel
cpu family	: 6
model		: 58
model name	: Intel(R) Core(TM) i5-3317U CPU @ 1.70GHz
stepping	: 9
microcode	: 0x10
cpu MHz		: 2067.425
cache size	: 3072 KB
physical id	: 0
siblings	: 4
core id		: 1
cpu cores	: 2
apicid		: 2
initial apicid	: 2
fpu		: yes
fpu_exception	: yes
cpuid level	: 13
wp		: yes
flags		: fpu vme de pse tsc msr pae mce cx8 apic sep mtrr pge mca cmov pat pse36 clflush dts acpi mmx fxsr sse sse2 ss ht tm pbe syscall nx rdtscp lm constant_tsc arch_perfmon pebs bts rep_good nopl xtopology nonstop_tsc aperfmperf eagerfpu pni pclmulqdq dtes64 monitor ds_cpl vmx est tm2 ssse3 cx16 xtpr pdcm pcid sse4_1 sse4_2 x2apic popcnt tsc_deadline_timer aes xsave avx f16c rdrand lahf_lm ida arat epb pln pts dtherm tpr_shadow vnmi flexpriority ept vpid fsgsbase smep erms xsaveopt
bugs		:
bogomips	: 3393.26
clflush size	: 64
cache_alignment	: 64
address sizes	: 36 bits physical, 48 bits virtual
power management:

processor	: 3
vendor_id	: GenuineIntel
cpu family	: 6
model		: 58
model name	: Intel(R) Core(TM) i5-3317U CPU @ 1.70GHz
stepping	: 9
microcode	: 0x10
cpu MHz		: 2381.460
cache size	: 3072 KB
physical id	: 0
siblings	: 4
core id		: 1
cpu cores	: 2
apicid		: 3
initial apicid	: 3
fpu		: yes
fpu_exception	: yes
cpuid level	: 13
wp		: yes
flags		: fpu vme de pse tsc msr pae mce cx8 apic sep mtrr pge mca cmov pat pse36 clflush dts acpi mmx fxsr sse sse2 ss ht tm pbe syscall nx rdtscp lm constant_tsc arch_perfmon pebs bts rep_good nopl xtopology nonstop_tsc aperfmperf eagerfpu pni pclmulqdq dtes64 monitor ds_cpl vmx est tm2 ssse3 cx16 xtpr pdcm pcid sse4_1 sse4_2 x2apic popcnt tsc_deadline_timer aes xsave avx f16c rdrand lahf_lm ida arat epb pln pts dtherm tpr_shadow vnmi flexpriority ept vpid fsgsbase smep erms xsaveopt
bugs		:
bogomips	: 3393.26
clflush size	: 64
cache_alignment	: 64
address sizes	: 36 bits physical, 48 bits virtual
power management:



Memory: 4k page, physical 3909756k(110212k free), swap 0k(0k free)

vm_info: OpenJDK 64-Bit Server VM (25.45-b02) for linux-amd64 JRE (1.8.0_45-b14), built on Apr 20 2015 17:04:34 by "builduser" with gcc 4.9.2 20150304 (prerelease)

time: Sat Jun 20 13:13:52 2015
elapsed time: 5 seconds (0d 0h 0m 5s)

